<?xml version="1.0" encoding="UTF-8"?>
<!-- Generated by org.testng.reporters.JUnitReportReporter -->
<testsuite hostname="TVDI-027" failures="0" tests="1" name="com.test.Addresses" time="9.377" errors="0" timestamp="2023-05-26T11:23:09 IST" skipped="0">
  <testcase classname="com.test.Addresses" name="getPrimaryAddress" time="9.377"/>
  <system-out/>
</testsuite> <!-- com.test.Addresses -->
