<?xml version="1.0" encoding="UTF-8"?>
<!-- Generated by org.testng.reporters.JUnitReportReporter -->
<testsuite hostname="TVDI-027" failures="0" tests="1" name="com.test.RunnerClass" time="11.897" errors="0" timestamp="2023-05-26T09:53:38 IST" skipped="0">
  <testcase classname="com.test.RunnerClass" name="getBalancesHistory" time="11.897"/>
  <system-out/>
</testsuite> <!-- com.test.RunnerClass -->
