<?xml version="1.0" encoding="UTF-8"?>
<!-- Generated by org.testng.reporters.JUnitReportReporter -->
<testsuite hostname="TVDI-027" failures="0" tests="6" name="com.test.Accounts" time="13.902" errors="0" timestamp="2023-05-26T10:11:58 IST" skipped="0">
  <testcase classname="com.test.Accounts" name="getHistory" time="2.542"/>
  <system-out/>
  <testcase classname="com.test.Accounts" name="getAccounts" time="0.955"/>
  <system-out/>
  <testcase classname="com.test.Accounts" name="getDataForHistory" time="0.869"/>
  <system-out/>
  <testcase classname="com.test.Accounts" name="getAccountType" time="7.709"/>
  <system-out/>
  <testcase classname="com.test.Accounts" name="getBalancesHistory" time="1.054"/>
  <system-out/>
  <testcase classname="com.test.Accounts" name="getListOfAccounts" time="0.773"/>
  <system-out/>
</testsuite> <!-- com.test.Accounts -->
